2024-12-02 22:00:42,194 - INFO - Starting scraper orchestration...
2024-12-02 22:00:42,195 - INFO - Starting scraper: biunsinnorden.py
2024-12-02 22:03:35,625 - INFO - Starting scraper orchestration...
2024-12-02 22:03:35,626 - INFO - Starting scraper: biunsinnorden.py
2024-12-02 22:03:35,705 - ERROR - Scraper failed: biunsinnorden.py
2024-12-02 22:03:35,706 - INFO - Waiting 5 seconds before the next scraper...
2024-12-02 22:03:40,711 - INFO - Starting scraper: eventbrite.py
2024-12-02 22:03:40,797 - ERROR - Scraper failed: eventbrite.py
2024-12-02 22:03:40,797 - INFO - Waiting 5 seconds before the next scraper...
2024-12-02 22:03:45,799 - INFO - Starting scraper: eventim.py
2024-12-02 22:03:45,896 - ERROR - Scraper failed: eventim.py
2024-12-02 22:03:45,897 - INFO - Waiting 5 seconds before the next scraper...
2024-12-02 22:03:50,898 - INFO - Starting scraper: kiel-sailing-city.py
2024-12-02 22:03:50,990 - ERROR - Scraper failed: kiel-sailing-city.py
2024-12-02 22:03:50,990 - INFO - Waiting 5 seconds before the next scraper...
2024-12-02 22:03:55,994 - INFO - Starting scraper: live_gigs.py
2024-12-02 22:03:56,090 - ERROR - Scraper failed: live_gigs.py
2024-12-02 22:03:56,090 - INFO - Waiting 5 seconds before the next scraper...
2024-12-02 22:04:01,092 - INFO - Starting scraper: rausgegangen.py
2024-12-02 22:04:01,194 - ERROR - Scraper failed: rausgegangen.py
2024-12-02 22:04:01,194 - INFO - Waiting 5 seconds before the next scraper...
2024-12-02 22:04:06,199 - INFO - Starting scraper: sh-tourismus.py
2024-12-02 22:04:06,295 - ERROR - Scraper failed: sh-tourismus.py
2024-12-02 22:04:06,295 - INFO - Waiting 5 seconds before the next scraper...
2024-12-02 22:04:11,299 - INFO - Starting scraper: unser_luebeck.py
2024-12-02 22:04:11,393 - ERROR - Scraper failed: unser_luebeck.py
2024-12-02 22:04:11,393 - INFO - Waiting 5 seconds before the next scraper...
2024-12-02 22:04:16,394 - INFO - All scrapers completed.
2024-12-02 22:06:28,394 - INFO - Starting scraper orchestration...
2024-12-02 22:06:28,394 - INFO - Starting scraper: biunsinnorden.py
2024-12-02 22:06:28,468 - ERROR - Scraper failed: biunsinnorden.py
2024-12-02 22:06:28,468 - INFO - Waiting 5 seconds before the next scraper...
2024-12-02 22:06:33,474 - INFO - Starting scraper: eventbrite.py
2024-12-02 22:06:33,599 - ERROR - Scraper failed: eventbrite.py
2024-12-02 22:06:33,600 - INFO - Waiting 5 seconds before the next scraper...
2024-12-02 22:06:38,603 - INFO - Starting scraper: eventim.py
2024-12-02 22:06:38,700 - ERROR - Scraper failed: eventim.py
2024-12-02 22:06:38,700 - INFO - Waiting 5 seconds before the next scraper...
2024-12-02 22:06:43,703 - INFO - Starting scraper: kiel-sailing-city.py
2024-12-02 22:06:43,799 - ERROR - Scraper failed: kiel-sailing-city.py
2024-12-02 22:06:43,799 - INFO - Waiting 5 seconds before the next scraper...
2024-12-02 22:06:48,802 - INFO - Starting scraper: live_gigs.py
2024-12-02 22:06:48,903 - ERROR - Scraper failed: live_gigs.py
2024-12-02 22:06:48,904 - INFO - Waiting 5 seconds before the next scraper...
2024-12-02 22:06:53,907 - INFO - Starting scraper: rausgegangen.py
2024-12-02 22:06:53,991 - ERROR - Scraper failed: rausgegangen.py
2024-12-02 22:06:53,991 - INFO - Waiting 5 seconds before the next scraper...
2024-12-02 22:06:58,996 - INFO - Starting scraper: sh-tourismus.py
2024-12-02 22:06:59,079 - ERROR - Scraper failed: sh-tourismus.py
2024-12-02 22:06:59,079 - INFO - Waiting 5 seconds before the next scraper...
2024-12-02 22:07:04,084 - INFO - Starting scraper: unser_luebeck.py
2024-12-02 22:07:04,172 - ERROR - Scraper failed: unser_luebeck.py
2024-12-02 22:07:04,173 - INFO - Waiting 5 seconds before the next scraper...
2024-12-02 22:07:09,176 - INFO - All scrapers completed.
